{
  "parked": true,
  "phase": "pre-planning",
  "activeMilestone": null,
  "nextAction": "All remaining milestones are parked (M114). Run /gsd unpark <id> or create a new milestone.",
  "registryTail": [
    {
      "id": "M112",
      "title": "Implement BMAD method — /bmad auto with 4-phase pipeline and gsd-orchestrator integration",
      "status": "complete"
    },
    {
      "id": "M113",
      "title": "Branchless Worktree Architecture",
      "status": "complete"
    },
    {
      "id": "M114",
      "title": "AI Coding App Parity Gate",
      "status": "parked"
    }
  ]
}
